<?xml version="1.0" encoding="UTF-8"?>
<!-- Generated by org.testng.reporters.JUnitXMLReporter -->
<testsuite ignored="14" hostname="LAPTOP-PG58VPJS" failures="0" tests="1" name="Default test" time="36.615" errors="0" timestamp="2024-08-14T12:17:23 IST">
  <testcase classname="com.supplychain.integrationtest.IntegrationScenarios" name="addProductanddeleteProduct" time="24.363"/>
  <testcase classname="com.supplychain.integrationtest.IntegrationScenarios" name="addDistributorandcheckDistributorList" time="0.0">
    <ignored/>
  </testcase> <!-- addDistributorandcheckDistributorList -->
  <testcase classname="com.supplychain.integrationtest.IntegrationScenarios" name="createRetailerAndcheckRetailerList" time="0.0">
    <ignored/>
  </testcase> <!-- createRetailerAndcheckRetailerList -->
  <testcase classname="com.supplychain.integrationtest.IntegrationScenarios" name="addProductAndcheckinProductsList" time="0.0">
    <ignored/>
  </testcase> <!-- addProductAndcheckinProductsList -->
  <testcase classname="com.supplychain.integrationtest.IntegrationScenarios" name="addProductNameWithAllZeros" time="0.0">
    <ignored/>
  </testcase> <!-- addProductNameWithAllZeros -->
  <testcase classname="com.supplychain.integrationtest.IntegrationScenarios" name="unselectTheDropdowninAddProduct" time="0.0">
    <ignored/>
  </testcase> <!-- unselectTheDropdowninAddProduct -->
  <testcase classname="com.supplychain.integrationtest.IntegrationScenarios" name="addDropdownisUnselect" time="0.0">
    <ignored/>
  </testcase> <!-- addDropdownisUnselect -->
  <testcase classname="com.supplychain.integrationtest.IntegrationScenarios" name="multiselectRadiobuttoninAddProduct" time="0.0">
    <ignored/>
  </testcase> <!-- multiselectRadiobuttoninAddProduct -->
  <testcase classname="com.supplychain.integrationtest.IntegrationScenarios" name="addProductNamewithEmpty" time="0.0">
    <ignored/>
  </testcase> <!-- addProductNamewithEmpty -->
  <testcase classname="com.supplychain.integrationtest.IntegrationScenarios" name="unselectTheRadiobuttoninAddProduct" time="0.0">
    <ignored/>
  </testcase> <!-- unselectTheRadiobuttoninAddProduct -->
  <testcase classname="com.supplychain.integrationtest.IntegrationScenarios" name="createManufacturerAndcheckManufacturerList" time="0.0">
    <ignored/>
  </testcase> <!-- createManufacturerAndcheckManufacturerList -->
  <testcase classname="com.supplychain.integrationtest.IntegrationScenarios" name="addProductNamewithNumandChar" time="0.0">
    <ignored/>
  </testcase> <!-- addProductNamewithNumandChar -->
  <testcase classname="com.supplychain.integrationtest.IntegrationScenarios" name="addProductNamewithmaxlenghtExceeds" time="0.0">
    <ignored/>
  </testcase> <!-- addProductNamewithmaxlenghtExceeds -->
  <testcase classname="com.supplychain.integrationtest.IntegrationScenarios" name="addDropdownmultiUnselect" time="0.0">
    <ignored/>
  </testcase> <!-- addDropdownmultiUnselect -->
  <testcase classname="com.supplychain.integrationtest.IntegrationScenarios" name="updateProduct" time="0.0">
    <ignored/>
  </testcase> <!-- updateProduct -->
</testsuite> <!-- Default test -->
