<?xml version="1.0" encoding="UTF-8"?>
<!-- Generated by org.testng.reporters.JUnitXMLReporter -->
<testsuite ignored="0" hostname="LAPTOP-PG58VPJS" failures="0" tests="7" name="Test" time="44.979" errors="0" timestamp="2024-08-14T12:11:37 IST">
  <testcase classname="com.supplychain.endtoendtest.End_To_End_Scenarios" name="addProduct" time="3.666"/>
  <testcase classname="com.supplychain.endtoendtest.End_To_End_Scenarios" name="addProductLeaveUnitTypeEmpty" time="3.472"/>
  <testcase classname="com.supplychain.endtoendtest.End_To_End_Scenarios" name="addProductLeavetextfieldEmpty" time="3.383"/>
  <testcase classname="com.supplychain.endtoendtest.End_To_End_Scenarios" name="addProductwithSpecialCharacters" time="3.442"/>
  <testcase classname="com.supplychain.endtoendtest.End_To_End_Scenarios" name="createManufacturertest" time="1.361"/>
  <testcase classname="com.supplychain.endtoendtest.End_To_End_Scenarios" name="createRetailer" time="9.376"/>
  <testcase classname="com.supplychain.endtoendtest.End_To_End_Scenarios" name="deleteManufacturer" time="1.992"/>
</testsuite> <!-- Test -->
