<?xml version="1.0" encoding="UTF-8"?>
<testng-results ignored="0" total="1" passed="1" failed="0" skipped="0">
  <reporter-output>
  </reporter-output>
  <suite started-at="2024-08-14T12:16:47 IST" name="Default suite" finished-at="2024-08-14T12:17:23 IST" duration-ms="36615">
    <groups>
    </groups>
    <test started-at="2024-08-14T12:16:47 IST" name="Default test" finished-at="2024-08-14T12:17:23 IST" duration-ms="36615">
      <class name="com.supplychain.integrationtest.IntegrationScenarios">
        <test-method is-config="true" signature="configBS()[pri:0, instance:com.supplychain.integrationtest.IntegrationScenarios@b2c9a9c]" started-at="2024-08-14T12:16:46 IST" name="configBS" finished-at="2024-08-14T12:16:47 IST" duration-ms="222" status="PASS">
          <reporter-output>
          </reporter-output>
        </test-method> <!-- configBS -->
        <test-method is-config="true" signature="configBC()[pri:0, instance:com.supplychain.integrationtest.IntegrationScenarios@b2c9a9c]" started-at="2024-08-14T12:16:47 IST" name="configBC" finished-at="2024-08-14T12:16:50 IST" duration-ms="3596" status="PASS">
          <reporter-output>
          </reporter-output>
        </test-method> <!-- configBC -->
        <test-method is-config="true" signature="configBM()[pri:0, instance:com.supplychain.integrationtest.IntegrationScenarios@b2c9a9c]" started-at="2024-08-14T12:16:50 IST" name="configBM" finished-at="2024-08-14T12:16:51 IST" duration-ms="1199" status="PASS">
          <reporter-output>
          </reporter-output>
        </test-method> <!-- configBM -->
        <test-method signature="addProductanddeleteProduct()[pri:0, instance:com.supplychain.integrationtest.IntegrationScenarios@b2c9a9c]" started-at="2024-08-14T12:16:51 IST" name="addProductanddeleteProduct" finished-at="2024-08-14T12:17:16 IST" duration-ms="24363" status="PASS">
          <reporter-output>
          </reporter-output>
        </test-method> <!-- addProductanddeleteProduct -->
        <test-method is-config="true" signature="configAM()[pri:0, instance:com.supplychain.integrationtest.IntegrationScenarios@b2c9a9c]" started-at="2024-08-14T12:17:16 IST" name="configAM" finished-at="2024-08-14T12:17:23 IST" duration-ms="6958" status="PASS">
          <reporter-output>
          </reporter-output>
        </test-method> <!-- configAM -->
        <test-method is-config="true" signature="configAC()[pri:0, instance:com.supplychain.integrationtest.IntegrationScenarios@b2c9a9c]" started-at="2024-08-14T12:17:23 IST" name="configAC" finished-at="2024-08-14T12:17:23 IST" duration-ms="462" status="PASS">
          <reporter-output>
          </reporter-output>
        </test-method> <!-- configAC -->
        <test-method is-config="true" signature="configAS()[pri:0, instance:com.supplychain.integrationtest.IntegrationScenarios@b2c9a9c]" started-at="2024-08-14T12:17:23 IST" name="configAS" finished-at="2024-08-14T12:17:23 IST" duration-ms="6" status="PASS">
          <reporter-output>
          </reporter-output>
        </test-method> <!-- configAS -->
      </class> <!-- com.supplychain.integrationtest.IntegrationScenarios -->
    </test> <!-- Default test -->
  </suite> <!-- Default suite -->
</testng-results>
